CRITICAL - 2023-09-14 09:46:37 --> The framework needs the following extension(s) installed and loaded: intl.
#0 D:\xampp\htdocs\king-coffe\system\CodeIgniter.php(219): CodeIgniter\Exceptions\FrameworkException::forMissingExtension('intl')
#1 D:\xampp\htdocs\king-coffe\system\CodeIgniter.php(177): CodeIgniter\CodeIgniter->resolvePlatformExtensions()
#2 D:\xampp\htdocs\king-coffe\system\bootstrap.php(146): CodeIgniter\CodeIgniter->initialize()
#3 D:\xampp\htdocs\king-coffe\index.php(28): require('D:\\xampp\\htdocs...')
#4 {main}
CRITICAL - 2023-09-14 09:46:56 --> The framework needs the following extension(s) installed and loaded: intl.
#0 D:\xampp\htdocs\king-coffe\system\CodeIgniter.php(219): CodeIgniter\Exceptions\FrameworkException::forMissingExtension('intl')
#1 D:\xampp\htdocs\king-coffe\system\CodeIgniter.php(177): CodeIgniter\CodeIgniter->resolvePlatformExtensions()
#2 D:\xampp\htdocs\king-coffe\system\bootstrap.php(146): CodeIgniter\CodeIgniter->initialize()
#3 D:\xampp\htdocs\king-coffe\index.php(28): require('D:\\xampp\\htdocs...')
#4 {main}
CRITICAL - 2023-09-14 22:22:14 --> file_get_contents(): read of 8192 bytes failed with errno=13 Permission denied
#0 [internal function]: CodeIgniter\Debug\Exceptions->errorHandler(8, 'file_get_conten...', 'D:\\xampp\\htdocs...', 460, Array)
#1 D:\xampp\htdocs\king-coffe\system\Debug\Toolbar.php(460): file_get_contents('D:\\xampp\\htdocs...')
#2 D:\xampp\htdocs\king-coffe\app\Config\Events.php(48): CodeIgniter\Debug\Toolbar->respond()
#3 D:\xampp\htdocs\king-coffe\system\Events\Events.php(149): CodeIgniter\Events\Events::Config\{closure}()
#4 D:\xampp\htdocs\king-coffe\system\CodeIgniter.php(300): CodeIgniter\Events\Events::trigger('pre_system')
#5 D:\xampp\htdocs\king-coffe\index.php(37): CodeIgniter\CodeIgniter->run()
#6 {main}
